<?xml version="1.0" encoding="UTF-8"?>
<!-- Generated by org.testng.reporters.JUnitXMLReporter -->
<testsuite ignored="0" hostname="Laptop-Jared" failures="0" tests="40" name="Surefire test" time="578.183" errors="0" timestamp="2026-04-04T15:58:37 EDT">
  <testcase classname="tests.FooterTests" name="testFooterExists" time="2.02"/>
  <testcase classname="tests.FooterTests" name="testFooterNavigation" time="2.011"/>
  <testcase classname="tests.FooterTests" name="testFooterText" time="2.01"/>
  <testcase classname="tests.FooterTests" name="testFooterVisibility" time="2.016"/>
  <testcase classname="tests.FooterTests" name="testLinksExist" time="2.015"/>
  <testcase classname="tests.LoginTests" name="testInputFields" time="2.016"/>
  <testcase classname="tests.LoginTests" name="testInvalidLoginHandling" time="2.004"/>
  <testcase classname="tests.LoginTests" name="testLoginButtonExists" time="2.012"/>
  <testcase classname="tests.LoginTests" name="testLoginPageAccess" time="2.014"/>
  <testcase classname="tests.LoginTests" name="testLoginRedirect" time="2.007"/>
  <testcase classname="tests.NavigationTests" name="testBackwardNavigation" time="4.065"/>
  <testcase classname="tests.NavigationTests" name="testHomeLink" time="2.048"/>
  <testcase classname="tests.NavigationTests" name="testLogoClick" time="2.001"/>
  <testcase classname="tests.NavigationTests" name="testPageRefresh" time="4.446"/>
  <testcase classname="tests.NavigationTests" name="testURLContainsWatch" time="2.012"/>
  <testcase classname="tests.ProfileTests" name="testProfileAccess" time="2.015"/>
  <testcase classname="tests.ProfileTests" name="testProfileElements" time="2.01"/>
  <testcase classname="tests.ProfileTests" name="testProfileNavigation" time="2.007"/>
  <testcase classname="tests.ProfileTests" name="testProfilePageLoad" time="2.017"/>
  <testcase classname="tests.ProfileTests" name="testProfileSecurity" time="2.006"/>
  <testcase classname="tests.SearchTests" name="testClearSearch" time="2.11"/>
  <testcase classname="tests.SearchTests" name="testPlaceholderExists" time="2.056"/>
  <testcase classname="tests.SearchTests" name="testSearchEnabled" time="2.047"/>
  <testcase classname="tests.SearchTests" name="testSearchVisible" time="2.058"/>
  <testcase classname="tests.SearchTests" name="testTypingSearch" time="4.298"/>
  <testcase classname="tests.UIElementsTests" name="testButtonsExist" time="2.004"/>
  <testcase classname="tests.UIElementsTests" name="testInputFieldPresence" time="2.041"/>
  <testcase classname="tests.UIElementsTests" name="testPageSource" time="2.209"/>
  <testcase classname="tests.UIElementsTests" name="testPageTitle" time="2.024"/>
  <testcase classname="tests.UIElementsTests" name="testURLNotEmpty" time="2.018"/>
  <testcase classname="tests.VideoPlaybackTests" name="testNoErrorsInTitle" time="3.008"/>
  <testcase classname="tests.VideoPlaybackTests" name="testPageLoadComplete" time="3.014"/>
  <testcase classname="tests.VideoPlaybackTests" name="testPlaybackPageLoads" time="3.019"/>
  <testcase classname="tests.VideoPlaybackTests" name="testURLValid" time="3.014"/>
  <testcase classname="tests.VideoPlaybackTests" name="testVideoSectionPresent" time="3.006"/>
  <testcase classname="tests.WatchPageTests" name="testNavigationStable" time="2.009"/>
  <testcase classname="tests.WatchPageTests" name="testNoBrokenUI" time="2.012"/>
  <testcase classname="tests.WatchPageTests" name="testPageContentLoaded" time="3.008"/>
  <testcase classname="tests.WatchPageTests" name="testTitleExists" time="2.016"/>
  <testcase classname="tests.WatchPageTests" name="testWatchPageLoad" time="3.015"/>
</testsuite> <!-- Surefire test -->
