<?xml version="1.0" encoding="UTF-8"?>
<!-- Generated by org.testng.reporters.JUnitXMLReporter -->
<testsuite ignored="0" hostname="NRLenovo" failures="0" tests="5" name="Surefire test" time="0.543" errors="0" timestamp="2026-04-12T10:04:38 EDT">
  <testcase classname="base.BaseTest" name="@BeforeMethod setUp" time="0.43">
    <failure type="java.lang.RuntimeException" message="Unable to find a free port">
      <![CDATA[java.lang.RuntimeException: Unable to find a free port
at org.openqa.selenium.net.PortProber.findFreePort(PortProber.java:61)
at org.openqa.selenium.remote.service.DriverService$Builder.build(DriverService.java:502)
at org.openqa.selenium.chrome.ChromeDriverService.createDefaultService(ChromeDriverService.java:138)
at org.openqa.selenium.chrome.ChromeDriver.<init>(ChromeDriver.java:72)
at base.BaseTest.setUp(BaseTest.java:33)
at java.base/java.util.ArrayList.forEach(ArrayList.java:1604)
... Removed 34 stack frames]]>
    </failure>
  </testcase> <!-- @BeforeMethod setUp -->
  <testcase classname="base.BaseTest" name="@BeforeMethod setUp" time="0.02">
    <failure type="java.lang.RuntimeException" message="Unable to find a free port">
      <![CDATA[java.lang.RuntimeException: Unable to find a free port
at org.openqa.selenium.net.PortProber.findFreePort(PortProber.java:61)
at org.openqa.selenium.remote.service.DriverService$Builder.build(DriverService.java:502)
at org.openqa.selenium.chrome.ChromeDriverService.createDefaultService(ChromeDriverService.java:138)
at org.openqa.selenium.chrome.ChromeDriver.<init>(ChromeDriver.java:72)
at base.BaseTest.setUp(BaseTest.java:33)
at java.base/java.util.ArrayList.forEach(ArrayList.java:1604)
... Removed 34 stack frames]]>
    </failure>
  </testcase> <!-- @BeforeMethod setUp -->
  <testcase classname="base.BaseTest" name="@BeforeMethod setUp" time="0.012">
    <failure type="java.lang.RuntimeException" message="Unable to find a free port">
      <![CDATA[java.lang.RuntimeException: Unable to find a free port
at org.openqa.selenium.net.PortProber.findFreePort(PortProber.java:61)
at org.openqa.selenium.remote.service.DriverService$Builder.build(DriverService.java:502)
at org.openqa.selenium.chrome.ChromeDriverService.createDefaultService(ChromeDriverService.java:138)
at org.openqa.selenium.chrome.ChromeDriver.<init>(ChromeDriver.java:72)
at base.BaseTest.setUp(BaseTest.java:33)
at java.base/java.util.ArrayList.forEach(ArrayList.java:1604)
... Removed 34 stack frames]]>
    </failure>
  </testcase> <!-- @BeforeMethod setUp -->
  <testcase classname="base.BaseTest" name="@BeforeMethod setUp" time="0.022">
    <failure type="java.lang.RuntimeException" message="Unable to find a free port">
      <![CDATA[java.lang.RuntimeException: Unable to find a free port
at org.openqa.selenium.net.PortProber.findFreePort(PortProber.java:61)
at org.openqa.selenium.remote.service.DriverService$Builder.build(DriverService.java:502)
at org.openqa.selenium.chrome.ChromeDriverService.createDefaultService(ChromeDriverService.java:138)
at org.openqa.selenium.chrome.ChromeDriver.<init>(ChromeDriver.java:72)
at base.BaseTest.setUp(BaseTest.java:33)
at java.base/java.util.ArrayList.forEach(ArrayList.java:1604)
... Removed 34 stack frames]]>
    </failure>
  </testcase> <!-- @BeforeMethod setUp -->
  <testcase classname="tests.NavigationTests" name="testPricingNavigationWorks" time="0.0">
    <skipped/>
  </testcase> <!-- testPricingNavigationWorks -->
  <testcase classname="tests.NavigationTests" name="testContactSalesNavigationWorks" time="0.0">
    <skipped/>
  </testcase> <!-- testContactSalesNavigationWorks -->
  <testcase classname="tests.NavigationTests" name="testWatchLinkKeepsUserInWatchExperience" time="0.0">
    <skipped/>
  </testcase> <!-- testWatchLinkKeepsUserInWatchExperience -->
  <testcase classname="tests.NavigationTests" name="testStaffPicksNavigationWorks" time="0.0">
    <skipped/>
  </testcase> <!-- testStaffPicksNavigationWorks -->
  <testcase classname="tests.NavigationTests" name="testBackAndForwardNavigationRestoresVisitedPages" time="0.0">
    <skipped/>
  </testcase> <!-- testBackAndForwardNavigationRestoresVisitedPages -->
</testsuite> <!-- Surefire test -->
