<?xml version="1.0" encoding="UTF-8"?>
<!-- Generated by org.testng.reporters.JUnitReportReporter -->
<testsuite hostname="Laptop-Jared" failures="0" tests="5" name="tests.UIElementsTests" time="54.942" errors="0" timestamp="2026-04-07T23:38:21 EDT" skipped="0">
  <testcase classname="tests.UIElementsTests" name="testButtonsExist" time="8.501"/>
  <testcase classname="tests.UIElementsTests" name="testURLNotEmpty" time="7.206"/>
  <testcase classname="tests.UIElementsTests" name="testInputFieldExists" time="6.820"/>
  <testcase classname="tests.UIElementsTests" name="testPageTitleExists" time="23.806"/>
  <testcase classname="tests.UIElementsTests" name="testPageSourceContainsVimeo" time="8.609"/>
</testsuite> <!-- tests.UIElementsTests -->
