<?xml version="1.0" encoding="UTF-8"?>
<!-- Generated by org.testng.reporters.JUnitReportReporter -->
<testsuite hostname="NRLenovo" failures="0" tests="30" name="tests.FooterTests" time="694.479" errors="0" timestamp="2026-04-13T16:49:02 EDT" skipped="0">
  <testcase classname="tests.FooterTests" name="verifyFooterPricing" time="28.315"/>
  <testcase classname="tests.FooterTests" name="verifyFooterContactSales" time="24.090"/>
  <testcase classname="tests.FooterTests" name="verifyFooterWatchDemos" time="25.438"/>
  <testcase classname="tests.FooterTests" name="verifyFooterJoin" time="23.158"/>
  <testcase classname="tests.FooterTests" name="verifyFooterContactSupport" time="20.047"/>
  <testcase classname="tests.FooterTests" name="verifyFooterVideoHosting" time="22.408"/>
  <testcase classname="tests.FooterTests" name="verifyFooterVideoAnalytics" time="22.274"/>
  <testcase classname="tests.FooterTests" name="verifyFooterVideoEditor" time="22.724"/>
  <testcase classname="tests.FooterTests" name="verifyFooterVideoPrivacy" time="22.158"/>
  <testcase classname="tests.FooterTests" name="verifyFooterSendVideos" time="22.350"/>
  <testcase classname="tests.FooterTests" name="verifyFooterVideoLibrary" time="22.441"/>
  <testcase classname="tests.FooterTests" name="verifyFooterLiveStreaming" time="22.439"/>
  <testcase classname="tests.FooterTests" name="verifyFooterInteractiveVideo" time="22.473"/>
  <testcase classname="tests.FooterTests" name="verifyFooterVideoPlayer" time="24.203"/>
  <testcase classname="tests.FooterTests" name="verifyFooterVirtualEvents" time="22.370"/>
  <testcase classname="tests.FooterTests" name="verifyFooterStreaming" time="22.303"/>
  <testcase classname="tests.FooterTests" name="verifyFooterMarketing" time="22.155"/>
  <testcase classname="tests.FooterTests" name="verifyFooterMonetization" time="31.105"/>
  <testcase classname="tests.FooterTests" name="verifyFooterCommunications" time="22.160"/>
  <testcase classname="tests.FooterTests" name="verifyFooterStaffPicks" time="23.625"/>
  <testcase classname="tests.FooterTests" name="verifyFooterWatch" time="22.863"/>
  <testcase classname="tests.FooterTests" name="verifyFooterCategories" time="21.935"/>
  <testcase classname="tests.FooterTests" name="verifyFooterChannels" time="21.866"/>
  <testcase classname="tests.FooterTests" name="verifyFooterOnDemand" time="24.111"/>
  <testcase classname="tests.FooterTests" name="verifyFooterHelpCenter" time="24.311"/>
  <testcase classname="tests.FooterTests" name="verifyFooterBlog" time="22.101"/>
  <testcase classname="tests.FooterTests" name="verifyFooterMediaKit" time="22.344"/>
  <testcase classname="tests.FooterTests" name="verifyFooterAbout" time="22.336"/>
  <testcase classname="tests.FooterTests" name="verifyFooterCareers" time="22.252"/>
  <testcase classname="tests.FooterTests" name="verifyFooterSitemap" time="22.124"/>
</testsuite> <!-- tests.FooterTests -->
