<?xml version="1.0" encoding="UTF-8"?>
<!-- Generated by org.testng.reporters.JUnitReportReporter -->
<testsuite hostname="Laptop-Jared" failures="0" tests="5" name="tests.ProfileTests" time="67.219" errors="0" timestamp="2026-04-04T15:58:37 EDT" skipped="0">
  <testcase classname="tests.ProfileTests" name="testProfileNavigation" time="13.181"/>
  <testcase classname="tests.ProfileTests" name="testProfilePageLoad" time="13.195"/>
  <testcase classname="tests.ProfileTests" name="testProfileAccess" time="14.375"/>
  <testcase classname="tests.ProfileTests" name="testProfileElements" time="12.851"/>
  <testcase classname="tests.ProfileTests" name="testProfileSecurity" time="13.617"/>
</testsuite> <!-- tests.ProfileTests -->
