<?xml version="1.0" encoding="UTF-8"?>
<!-- Generated by org.testng.reporters.JUnitReportReporter -->
<testsuite hostname="Laptop-Jared" failures="0" tests="5" name="tests.SearchTests" time="67.905" errors="0" timestamp="2026-04-04T15:58:37 EDT" skipped="0">
  <testcase classname="tests.SearchTests" name="testSearchEnabled" time="13.462"/>
  <testcase classname="tests.SearchTests" name="testPlaceholderExists" time="13.147"/>
  <testcase classname="tests.SearchTests" name="testClearSearch" time="13.527"/>
  <testcase classname="tests.SearchTests" name="testSearchVisible" time="13.038"/>
  <testcase classname="tests.SearchTests" name="testTypingSearch" time="14.731"/>
</testsuite> <!-- tests.SearchTests -->
