<?xml version="1.0" encoding="UTF-8"?>
<!-- Generated by org.testng.reporters.JUnitReportReporter -->
<testsuite hostname="Laptop-Jared" failures="0" tests="5" name="tests.NavigationTests" time="88.345" errors="0" timestamp="2026-04-04T15:58:37 EDT" skipped="0">
  <testcase classname="tests.NavigationTests" name="testLogoClick" time="13.656"/>
  <testcase classname="tests.NavigationTests" name="testPageRefresh" time="11.500"/>
  <testcase classname="tests.NavigationTests" name="testURLContainsWatch" time="14.147"/>
  <testcase classname="tests.NavigationTests" name="testBackwardNavigation" time="35.506"/>
  <testcase classname="tests.NavigationTests" name="testHomeLink" time="13.536"/>
</testsuite> <!-- tests.NavigationTests -->
